Performing C SOURCE FILE Test CMAKE_HAVE_LIBC_PTHREAD failed with the following output:
Change Dir: /home/neelc/RoboticsFinalProject/plugins/microphone_control/build/CMakeFiles/CMakeTmp

Run Build Command(s):/usr/bin/make cmTC_e7f62/fast && make[4]: Entering directory '/home/neelc/RoboticsFinalProject/plugins/microphone_control/build/CMakeFiles/CMakeTmp'
/usr/bin/make -f CMakeFiles/cmTC_e7f62.dir/build.make CMakeFiles/cmTC_e7f62.dir/build
make[5]: Entering directory '/home/neelc/RoboticsFinalProject/plugins/microphone_control/build/CMakeFiles/CMakeTmp'
Building C object CMakeFiles/cmTC_e7f62.dir/src.c.o
/usr/bin/cc   -DCMAKE_HAVE_LIBC_PTHREAD   -o CMakeFiles/cmTC_e7f62.dir/src.c.o   -c /home/neelc/RoboticsFinalProject/plugins/microphone_control/build/CMakeFiles/CMakeTmp/src.c
Linking C executable cmTC_e7f62
/usr/bin/cmake -E cmake_link_script CMakeFiles/cmTC_e7f62.dir/link.txt --verbose=1
/usr/bin/cc  -DCMAKE_HAVE_LIBC_PTHREAD    -rdynamic CMakeFiles/cmTC_e7f62.dir/src.c.o  -o cmTC_e7f62 
/usr/bin/ld: CMakeFiles/cmTC_e7f62.dir/src.c.o: in function `main':
src.c:(.text+0x46): undefined reference to `pthread_create'
/usr/bin/ld: src.c:(.text+0x52): undefined reference to `pthread_detach'
/usr/bin/ld: src.c:(.text+0x63): undefined reference to `pthread_join'
collect2: error: ld returned 1 exit status
make[5]: *** [CMakeFiles/cmTC_e7f62.dir/build.make:87: cmTC_e7f62] Error 1
make[5]: Leaving directory '/home/neelc/RoboticsFinalProject/plugins/microphone_control/build/CMakeFiles/CMakeTmp'
make[4]: *** [Makefile:121: cmTC_e7f62/fast] Error 2
make[4]: Leaving directory '/home/neelc/RoboticsFinalProject/plugins/microphone_control/build/CMakeFiles/CMakeTmp'


Source file was:
#include <pthread.h>

void* test_func(void* data)
{
  return data;
}

int main(void)
{
  pthread_t thread;
  pthread_create(&thread, NULL, test_func, NULL);
  pthread_detach(thread);
  pthread_join(thread, NULL);
  pthread_atfork(NULL, NULL, NULL);
  pthread_exit(NULL);

  return 0;
}

Determining if the function pthread_create exists in the pthreads failed with the following output:
Change Dir: /home/neelc/RoboticsFinalProject/plugins/microphone_control/build/CMakeFiles/CMakeTmp

Run Build Command(s):/usr/bin/make cmTC_9279e/fast && make[4]: Entering directory '/home/neelc/RoboticsFinalProject/plugins/microphone_control/build/CMakeFiles/CMakeTmp'
/usr/bin/make -f CMakeFiles/cmTC_9279e.dir/build.make CMakeFiles/cmTC_9279e.dir/build
make[5]: Entering directory '/home/neelc/RoboticsFinalProject/plugins/microphone_control/build/CMakeFiles/CMakeTmp'
Building C object CMakeFiles/cmTC_9279e.dir/CheckFunctionExists.c.o
/usr/bin/cc   -DCHECK_FUNCTION_EXISTS=pthread_create   -o CMakeFiles/cmTC_9279e.dir/CheckFunctionExists.c.o   -c /usr/share/cmake-3.16/Modules/CheckFunctionExists.c
Linking C executable cmTC_9279e
/usr/bin/cmake -E cmake_link_script CMakeFiles/cmTC_9279e.dir/link.txt --verbose=1
/usr/bin/cc  -DCHECK_FUNCTION_EXISTS=pthread_create    -rdynamic CMakeFiles/cmTC_9279e.dir/CheckFunctionExists.c.o  -o cmTC_9279e  -lpthreads 
/usr/bin/ld: cannot find -lpthreads
collect2: error: ld returned 1 exit status
make[5]: *** [CMakeFiles/cmTC_9279e.dir/build.make:87: cmTC_9279e] Error 1
make[5]: Leaving directory '/home/neelc/RoboticsFinalProject/plugins/microphone_control/build/CMakeFiles/CMakeTmp'
make[4]: *** [Makefile:121: cmTC_9279e/fast] Error 2
make[4]: Leaving directory '/home/neelc/RoboticsFinalProject/plugins/microphone_control/build/CMakeFiles/CMakeTmp'



